<?xml version="1.0" encoding="utf-8"?><testsuites name="pytest tests"><testsuite name="pytest" errors="0" failures="2" skipped="0" tests="22" time="6.673" timestamp="2026-05-14T03:47:00.500376+00:00" hostname="agent-env-b2acf7a7-d044-4d15-a95a-839dca8e9675"><testcase classname="backend.tests.test_gappy_api.TestPublicEndpoints" name="test_health_check" time="0.169" /><testcase classname="backend.tests.test_gappy_api.TestPublicEndpoints" name="test_get_languages" time="0.120" /><testcase classname="backend.tests.test_gappy_api.TestPublicEndpoints" name="test_get_voices" time="0.126" /><testcase classname="backend.tests.test_gappy_api.TestPublicEndpoints" name="test_get_packages" time="0.096" /><testcase classname="backend.tests.test_gappy_api.TestAuthentication" name="test_login_with_valid_credentials" time="0.331" /><testcase classname="backend.tests.test_gappy_api.TestAuthentication" name="test_login_with_invalid_credentials" time="0.111" /><testcase classname="backend.tests.test_gappy_api.TestAuthentication" name="test_auth_check_authenticated" time="0.367" /><testcase classname="backend.tests.test_gappy_api.TestAuthentication" name="test_auth_check_unauthenticated" time="0.134" /><testcase classname="backend.tests.test_gappy_api.TestAuthentication" name="test_logout" time="0.491" /><testcase classname="backend.tests.test_gappy_api.TestAuthenticatedEndpoints" name="test_get_usage" time="0.381" /><testcase classname="backend.tests.test_gappy_api.TestAuthenticatedEndpoints" name="test_get_projects" time="0.372" /><testcase classname="backend.tests.test_gappy_api.TestAuthenticatedEndpoints" name="test_get_folders" time="0.371" /><testcase classname="backend.tests.test_gappy_api.TestAuthenticatedEndpoints" name="test_usage_requires_auth" time="0.140" /><testcase classname="backend.tests.test_gappy_api.TestAuthenticatedEndpoints" name="test_projects_requires_auth" time="0.172" /><testcase classname="backend.tests.test_gappy_api.TestSceneMerging" name="test_scene_merging_functions_exist" time="1.781" /><testcase classname="backend.tests.test_gappy_api.TestSceneMerging" name="test_merge_similar_scenes_empty_list" time="0.000"><failure message="assert &lt;coroutine object merge_similar_scenes at 0xf8218b497520&gt; == []">backend/tests/test_gappy_api.py:227: in test_merge_similar_scenes_empty_list
    assert result == []
E   assert &lt;coroutine object merge_similar_scenes at 0xf8218b497520&gt; == []</failure></testcase><testcase classname="backend.tests.test_gappy_api.TestSceneMerging" name="test_merge_similar_scenes_single_scene" time="0.000"><failure message="TypeError: object of type 'coroutine' has no len()">backend/tests/test_gappy_api.py:242: in test_merge_similar_scenes_single_scene
    assert len(result) == 1
           ^^^^^^^^^^^
E   TypeError: object of type 'coroutine' has no len()</failure></testcase><testcase classname="backend.tests.test_gappy_api.TestMergeScenesEndpoint" name="test_merge_requires_auth" time="0.159" /><testcase classname="backend.tests.test_gappy_api.TestMergeScenesEndpoint" name="test_merge_returns_400_with_empty_list" time="0.385" /><testcase classname="backend.tests.test_gappy_api.TestMergeScenesEndpoint" name="test_merge_returns_400_with_single_scene" time="0.387" /><testcase classname="backend.tests.test_gappy_api.TestMergeScenesEndpoint" name="test_merge_returns_404_for_nonexistent_scenes" time="0.375" /><testcase classname="backend.tests.test_gappy_api.TestAuthInactivityTimeout" name="test_auth_context_timeout_is_30_minutes" time="0.001" /></testsuite></testsuites>