<?xml version="1.0" encoding="utf-8"?><testsuites name="pytest tests"><testsuite name="pytest" errors="0" failures="0" skipped="0" tests="14" time="3.399" timestamp="2026-04-26T20:11:30.786614+00:00" hostname="agent-env-b2acf7a7-d044-4d15-a95a-839dca8e9675"><testcase classname="backend.tests.test_gappy_api.TestPublicEndpoints" name="test_health_check" time="0.146" /><testcase classname="backend.tests.test_gappy_api.TestPublicEndpoints" name="test_get_languages" time="0.112" /><testcase classname="backend.tests.test_gappy_api.TestPublicEndpoints" name="test_get_voices" time="0.107" /><testcase classname="backend.tests.test_gappy_api.TestPublicEndpoints" name="test_get_packages" time="0.116" /><testcase classname="backend.tests.test_gappy_api.TestAuthentication" name="test_login_with_valid_credentials" time="0.351" /><testcase classname="backend.tests.test_gappy_api.TestAuthentication" name="test_login_with_invalid_credentials" time="0.103" /><testcase classname="backend.tests.test_gappy_api.TestAuthentication" name="test_auth_check_authenticated" time="0.420" /><testcase classname="backend.tests.test_gappy_api.TestAuthentication" name="test_auth_check_unauthenticated" time="0.112" /><testcase classname="backend.tests.test_gappy_api.TestAuthentication" name="test_logout" time="0.419" /><testcase classname="backend.tests.test_gappy_api.TestAuthenticatedEndpoints" name="test_get_usage" time="0.377" /><testcase classname="backend.tests.test_gappy_api.TestAuthenticatedEndpoints" name="test_get_projects" time="0.389" /><testcase classname="backend.tests.test_gappy_api.TestAuthenticatedEndpoints" name="test_get_folders" time="0.378" /><testcase classname="backend.tests.test_gappy_api.TestAuthenticatedEndpoints" name="test_usage_requires_auth" time="0.124" /><testcase classname="backend.tests.test_gappy_api.TestAuthenticatedEndpoints" name="test_projects_requires_auth" time="0.114" /></testsuite></testsuites>